<?xml version="1.0" encoding="UTF-8"?>
<testsuite xmlns:xsi="http://www.w3.org/2001/XMLSchema-instance" xsi:noNamespaceSchemaLocation="https://maven.apache.org/surefire/maven-surefire-plugin/xsd/surefire-test-report.xsd" name="com.azure.AppTest" time="0.042" tests="1" errors="0" skipped="0" failures="0">
  <properties>
    <property name="sun.desktop" value="windows"/>
    <property name="awt.toolkit" value="sun.awt.windows.WToolkit"/>
    <property name="java.specification.version" value="11"/>
    <property name="sun.cpu.isalist" value="amd64"/>
    <property name="sun.jnu.encoding" value="Cp1252"/>
    <property name="java.class.path" value="C:\Java_Projects\Azure\queues\target\test-classes;C:\Java_Projects\Azure\queues\target\classes;C:\Users\ry123809\.m2\springboot\junit\junit\4.11\junit-4.11.jar;C:\Users\ry123809\.m2\springboot\org\hamcrest\hamcrest-core\1.3\hamcrest-core-1.3.jar;C:\Users\ry123809\.m2\springboot\com\azure\azure-storage-queue\12.6.0\azure-storage-queue-12.6.0.jar;C:\Users\ry123809\.m2\springboot\com\azure\azure-core\1.7.0\azure-core-1.7.0.jar;C:\Users\ry123809\.m2\springboot\com\fasterxml\jackson\datatype\jackson-datatype-jsr310\2.10.1\jackson-datatype-jsr310-2.10.1.jar;C:\Users\ry123809\.m2\springboot\com\fasterxml\jackson\core\jackson-annotations\2.10.1\jackson-annotations-2.10.1.jar;C:\Users\ry123809\.m2\springboot\com\fasterxml\jackson\core\jackson-core\2.10.1\jackson-core-2.10.1.jar;C:\Users\ry123809\.m2\springboot\com\fasterxml\jackson\core\jackson-databind\2.10.1\jackson-databind-2.10.1.jar;C:\Users\ry123809\.m2\springboot\com\fasterxml\jackson\dataformat\jackson-dataformat-xml\2.10.1\jackson-dataformat-xml-2.10.1.jar;C:\Users\ry123809\.m2\springboot\com\fasterxml\jackson\module\jackson-module-jaxb-annotations\2.10.1\jackson-module-jaxb-annotations-2.10.1.jar;C:\Users\ry123809\.m2\springboot\jakarta\xml\bind\jakarta.xml.bind-api\2.3.2\jakarta.xml.bind-api-2.3.2.jar;C:\Users\ry123809\.m2\springboot\jakarta\activation\jakarta.activation-api\1.2.1\jakarta.activation-api-1.2.1.jar;C:\Users\ry123809\.m2\springboot\org\codehaus\woodstox\stax2-api\4.2\stax2-api-4.2.jar;C:\Users\ry123809\.m2\springboot\com\fasterxml\woodstox\woodstox-core\6.0.2\woodstox-core-6.0.2.jar;C:\Users\ry123809\.m2\springboot\org\slf4j\slf4j-api\1.7.30\slf4j-api-1.7.30.jar;C:\Users\ry123809\.m2\springboot\io\projectreactor\reactor-core\3.3.8.RELEASE\reactor-core-3.3.8.RELEASE.jar;C:\Users\ry123809\.m2\springboot\org\reactivestreams\reactive-streams\1.0.3\reactive-streams-1.0.3.jar;C:\Users\ry123809\.m2\springboot\io\netty\netty-tcnative-boringssl-static\2.0.31.Final\netty-tcnative-boringssl-static-2.0.31.Final.jar;C:\Users\ry123809\.m2\springboot\com\azure\azure-storage-common\12.8.0\azure-storage-common-12.8.0.jar;C:\Users\ry123809\.m2\springboot\com\azure\azure-core-http-netty\1.5.4\azure-core-http-netty-1.5.4.jar;C:\Users\ry123809\.m2\springboot\io\netty\netty-handler\4.1.51.Final\netty-handler-4.1.51.Final.jar;C:\Users\ry123809\.m2\springboot\io\netty\netty-common\4.1.51.Final\netty-common-4.1.51.Final.jar;C:\Users\ry123809\.m2\springboot\io\netty\netty-resolver\4.1.51.Final\netty-resolver-4.1.51.Final.jar;C:\Users\ry123809\.m2\springboot\io\netty\netty-transport\4.1.51.Final\netty-transport-4.1.51.Final.jar;C:\Users\ry123809\.m2\springboot\io\netty\netty-codec\4.1.51.Final\netty-codec-4.1.51.Final.jar;C:\Users\ry123809\.m2\springboot\io\netty\netty-handler-proxy\4.1.51.Final\netty-handler-proxy-4.1.51.Final.jar;C:\Users\ry123809\.m2\springboot\io\netty\netty-codec-socks\4.1.51.Final\netty-codec-socks-4.1.51.Final.jar;C:\Users\ry123809\.m2\springboot\io\netty\netty-buffer\4.1.51.Final\netty-buffer-4.1.51.Final.jar;C:\Users\ry123809\.m2\springboot\io\netty\netty-codec-http\4.1.51.Final\netty-codec-http-4.1.51.Final.jar;C:\Users\ry123809\.m2\springboot\io\netty\netty-codec-http2\4.1.51.Final\netty-codec-http2-4.1.51.Final.jar;C:\Users\ry123809\.m2\springboot\io\netty\netty-transport-native-unix-common\4.1.51.Final\netty-transport-native-unix-common-4.1.51.Final.jar;C:\Users\ry123809\.m2\springboot\io\netty\netty-transport-native-epoll\4.1.51.Final\netty-transport-native-epoll-4.1.51.Final-linux-x86_64.jar;C:\Users\ry123809\.m2\springboot\io\netty\netty-transport-native-kqueue\4.1.51.Final\netty-transport-native-kqueue-4.1.51.Final-osx-x86_64.jar;C:\Users\ry123809\.m2\springboot\io\projectreactor\netty\reactor-netty\0.9.10.RELEASE\reactor-netty-0.9.10.RELEASE.jar;"/>
    <property name="java.vm.vendor" value="AdoptOpenJDK"/>
    <property name="sun.arch.data.model" value="64"/>
    <property name="user.variant" value=""/>
    <property name="java.vendor.url" value="https://adoptopenjdk.net/"/>
    <property name="user.timezone" value="Asia/Calcutta"/>
    <property name="java.vm.specification.version" value="11"/>
    <property name="os.name" value="Windows 10"/>
    <property name="sun.java.launcher" value="SUN_STANDARD"/>
    <property name="user.country" value="IN"/>
    <property name="sun.boot.library.path" value="C:\Program Files\Java\jdk-11\bin"/>
    <property name="sun.java.command" value="C:\Users\ry123809\AppData\Local\Temp\surefire2609752025887413356\surefirebooter17017842029906057579.jar C:\Users\ry123809\AppData\Local\Temp\surefire2609752025887413356 2023-05-02T14-44-22_123-jvmRun1 surefire963415024340532264tmp surefire_03121512377684232644tmp"/>
    <property name="jdk.debug" value="release"/>
    <property name="surefire.test.class.path" value="C:\Java_Projects\Azure\queues\target\test-classes;C:\Java_Projects\Azure\queues\target\classes;C:\Users\ry123809\.m2\springboot\junit\junit\4.11\junit-4.11.jar;C:\Users\ry123809\.m2\springboot\org\hamcrest\hamcrest-core\1.3\hamcrest-core-1.3.jar;C:\Users\ry123809\.m2\springboot\com\azure\azure-storage-queue\12.6.0\azure-storage-queue-12.6.0.jar;C:\Users\ry123809\.m2\springboot\com\azure\azure-core\1.7.0\azure-core-1.7.0.jar;C:\Users\ry123809\.m2\springboot\com\fasterxml\jackson\datatype\jackson-datatype-jsr310\2.10.1\jackson-datatype-jsr310-2.10.1.jar;C:\Users\ry123809\.m2\springboot\com\fasterxml\jackson\core\jackson-annotations\2.10.1\jackson-annotations-2.10.1.jar;C:\Users\ry123809\.m2\springboot\com\fasterxml\jackson\core\jackson-core\2.10.1\jackson-core-2.10.1.jar;C:\Users\ry123809\.m2\springboot\com\fasterxml\jackson\core\jackson-databind\2.10.1\jackson-databind-2.10.1.jar;C:\Users\ry123809\.m2\springboot\com\fasterxml\jackson\dataformat\jackson-dataformat-xml\2.10.1\jackson-dataformat-xml-2.10.1.jar;C:\Users\ry123809\.m2\springboot\com\fasterxml\jackson\module\jackson-module-jaxb-annotations\2.10.1\jackson-module-jaxb-annotations-2.10.1.jar;C:\Users\ry123809\.m2\springboot\jakarta\xml\bind\jakarta.xml.bind-api\2.3.2\jakarta.xml.bind-api-2.3.2.jar;C:\Users\ry123809\.m2\springboot\jakarta\activation\jakarta.activation-api\1.2.1\jakarta.activation-api-1.2.1.jar;C:\Users\ry123809\.m2\springboot\org\codehaus\woodstox\stax2-api\4.2\stax2-api-4.2.jar;C:\Users\ry123809\.m2\springboot\com\fasterxml\woodstox\woodstox-core\6.0.2\woodstox-core-6.0.2.jar;C:\Users\ry123809\.m2\springboot\org\slf4j\slf4j-api\1.7.30\slf4j-api-1.7.30.jar;C:\Users\ry123809\.m2\springboot\io\projectreactor\reactor-core\3.3.8.RELEASE\reactor-core-3.3.8.RELEASE.jar;C:\Users\ry123809\.m2\springboot\org\reactivestreams\reactive-streams\1.0.3\reactive-streams-1.0.3.jar;C:\Users\ry123809\.m2\springboot\io\netty\netty-tcnative-boringssl-static\2.0.31.Final\netty-tcnative-boringssl-static-2.0.31.Final.jar;C:\Users\ry123809\.m2\springboot\com\azure\azure-storage-common\12.8.0\azure-storage-common-12.8.0.jar;C:\Users\ry123809\.m2\springboot\com\azure\azure-core-http-netty\1.5.4\azure-core-http-netty-1.5.4.jar;C:\Users\ry123809\.m2\springboot\io\netty\netty-handler\4.1.51.Final\netty-handler-4.1.51.Final.jar;C:\Users\ry123809\.m2\springboot\io\netty\netty-common\4.1.51.Final\netty-common-4.1.51.Final.jar;C:\Users\ry123809\.m2\springboot\io\netty\netty-resolver\4.1.51.Final\netty-resolver-4.1.51.Final.jar;C:\Users\ry123809\.m2\springboot\io\netty\netty-transport\4.1.51.Final\netty-transport-4.1.51.Final.jar;C:\Users\ry123809\.m2\springboot\io\netty\netty-codec\4.1.51.Final\netty-codec-4.1.51.Final.jar;C:\Users\ry123809\.m2\springboot\io\netty\netty-handler-proxy\4.1.51.Final\netty-handler-proxy-4.1.51.Final.jar;C:\Users\ry123809\.m2\springboot\io\netty\netty-codec-socks\4.1.51.Final\netty-codec-socks-4.1.51.Final.jar;C:\Users\ry123809\.m2\springboot\io\netty\netty-buffer\4.1.51.Final\netty-buffer-4.1.51.Final.jar;C:\Users\ry123809\.m2\springboot\io\netty\netty-codec-http\4.1.51.Final\netty-codec-http-4.1.51.Final.jar;C:\Users\ry123809\.m2\springboot\io\netty\netty-codec-http2\4.1.51.Final\netty-codec-http2-4.1.51.Final.jar;C:\Users\ry123809\.m2\springboot\io\netty\netty-transport-native-unix-common\4.1.51.Final\netty-transport-native-unix-common-4.1.51.Final.jar;C:\Users\ry123809\.m2\springboot\io\netty\netty-transport-native-epoll\4.1.51.Final\netty-transport-native-epoll-4.1.51.Final-linux-x86_64.jar;C:\Users\ry123809\.m2\springboot\io\netty\netty-transport-native-kqueue\4.1.51.Final\netty-transport-native-kqueue-4.1.51.Final-osx-x86_64.jar;C:\Users\ry123809\.m2\springboot\io\projectreactor\netty\reactor-netty\0.9.10.RELEASE\reactor-netty-0.9.10.RELEASE.jar;"/>
    <property name="sun.cpu.endian" value="little"/>
    <property name="user.home" value="C:\Users\ry123809"/>
    <property name="user.language" value="en"/>
    <property name="java.specification.vendor" value="Oracle Corporation"/>
    <property name="java.version.date" value="2021-04-20"/>
    <property name="java.home" value="C:\Program Files\Java\jdk-11"/>
    <property name="file.separator" value="\"/>
    <property name="basedir" value="C:\Java_Projects\Azure\queues"/>
    <property name="java.vm.compressedOopsMode" value="Zero based"/>
    <property name="line.separator" value="&#10;"/>
    <property name="java.specification.name" value="Java Platform API Specification"/>
    <property name="java.vm.specification.vendor" value="Oracle Corporation"/>
    <property name="java.awt.graphicsenv" value="sun.awt.Win32GraphicsEnvironment"/>
    <property name="surefire.real.class.path" value="C:\Users\ry123809\AppData\Local\Temp\surefire2609752025887413356\surefirebooter17017842029906057579.jar"/>
    <property name="javax.net.ssl.trustStore" value="C:\Windows\Sun\Java\Deployment\trusted.certs"/>
    <property name="user.script" value=""/>
    <property name="sun.management.compiler" value="HotSpot 64-Bit Tiered Compilers"/>
    <property name="java.runtime.version" value="11.0.11+9"/>
    <property name="user.name" value="ry123809"/>
    <property name="path.separator" value=";"/>
    <property name="os.version" value="10.0"/>
    <property name="java.runtime.name" value="OpenJDK Runtime Environment"/>
    <property name="file.encoding" value="Cp1252"/>
    <property name="java.vm.name" value="OpenJDK 64-Bit Server VM"/>
    <property name="java.vendor.version" value="AdoptOpenJDK-11.0.11+9"/>
    <property name="localRepository" value="C:\Users\ry123809\.m2\springboot"/>
    <property name="java.vendor.url.bug" value="https://github.com/AdoptOpenJDK/openjdk-support/issues"/>
    <property name="java.io.tmpdir" value="C:\Users\ry123809\AppData\Local\Temp\"/>
    <property name="java.version" value="11.0.11"/>
    <property name="user.dir" value="C:\Java_Projects\Azure\queues"/>
    <property name="os.arch" value="amd64"/>
    <property name="java.vm.specification.name" value="Java Virtual Machine Specification"/>
    <property name="java.awt.printerjob" value="sun.awt.windows.WPrinterJob"/>
    <property name="sun.os.patch.level" value=""/>
    <property name="java.library.path" value="C:\Program Files\Java\jdk-11\bin;C:\Windows\Sun\Java\bin;C:\Windows\system32;C:\Windows;C:\Program Files\Apache Maven\bin\;C:\Anaconda3;C:\Anaconda3\Library\mingw-w64\bin;C:\Anaconda3\Library\usr\bin;C:\Anaconda3\Library\bin;C:\Anaconda3\Scripts;C:\Program Files (x86)\Microsoft SDKs\Azure\CLI2\wbin;C:\Program Files\Java\jdk-11\bin;C:\Windows\system32;C:\Windows;C:\Windows\System32\Wbem;C:\Windows\System32\WindowsPowerShell\v1.0\;C:\Windows\System32\OpenSSH\;C:\Program Files (x86)\Microsoft SQL Server\150\DTS\Binn\;C:\Program Files\Azure Data Studio\bin;C:\Program Files\Java\WebStart\bin;C:\Program Files\Git\cmd;C:\Windows\Microsoft.NET\Framework\v2.0.50727;C:\Program Files\nodejs\;C:\Program Files\Microsoft VS Code\bin;C:\Users\ry123809\AppData\Local\Microsoft\WindowsApps;;."/>
    <property name="java.vm.info" value="mixed mode"/>
    <property name="java.vendor" value="AdoptOpenJDK"/>
    <property name="java.vm.version" value="11.0.11+9"/>
    <property name="sun.io.unicode.encoding" value="UnicodeLittle"/>
    <property name="java.class.version" value="55.0"/>
  </properties>
  <testcase name="shouldAnswerWithTrue" classname="com.azure.AppTest" time="0.002"/>
</testsuite>